uBridge version 0.9.19 running with libpcap version 1.10.4 (with TPACKET_V3)
Hypervisor TCP control server started (IP localhost port 40869).
UDP tunnel connecting from local port 10006 to IPv4 address 127.0.0.1 on port 10007
Destination NIO listener thread for bridge0 has started
Source NIO listener thread for bridge0 has started
UDP tunnel connecting from local port 10001 to IPv4 address 127.0.0.1 on port 10000
Source NIO listener thread for bridge1 has started
Destination NIO listener thread for bridge1 has started
recv: Connection refused
recv: Connection refused
recv: Connection refused
send: Connection refused
recv: Connection refused
recv: Connection refused
recv: Connection refused
recv: Connection refused
recv: Connection refused
recv: Connection refused
recv: Connection refused
recv: Connection refused
recv: Connection refused
recv: Connection refused
recv: Connection refused
send: Connection refused
recv: Connection refused
recv: Connection refused
recv: Connection refused
recv: Connection refused
recv: Connection refused
recv: Connection refused
recv: Connection refused
recv: Connection refused
recv: Connection refused
recv: Connection refused
recv: Connection refused
send: Connection refused
recv: Connection refused
send: Connection refused
recv: Connection refused
recv: Connection refused
recv: Connection refused
recv: Connection refused
recv: Connection refused
recv: Connection refused
recv: Connection refused
recv: Connection refused
recv: Connection refused
send: Connection refused
recv: Connection refused
recv: Connection refused
recv: Connection refused
recv: Connection refused
recv: Connection refused
recv: Connection refused
recv: Connection refused
recv: Connection refused
recv: Connection refused
recv: Connection refused
send: Connection refused
recv: Connection refused
recv: Connection refused
recv: Connection refused
recv: Connection refused
recv: Connection refused
recv: Connection refused
recv: Connection refused
send: Connection refused
recv: Connection refused
Capturing to file '/media/sf_BADASS/P3/P3/project-files/captures/router_gkubina-2_eth0_to_router_gkubina-1_eth0.pcap'
